Performing C SOURCE FILE Test CMAKE_HAVE_LIBC_PTHREAD failed with the following output:
Change Dir: /home/kongqi/scsj/build/CMakeFiles/CMakeTmp

Run Build Command(s):/usr/bin/gmake cmTC_c2ccf/fast && /usr/bin/gmake  -f CMakeFiles/cmTC_c2ccf.dir/build.make CMakeFiles/cmTC_c2ccf.dir/build
gmake[1]: 进入目录“/home/kongqi/scsj/build/CMakeFiles/CMakeTmp”
Building C object CMakeFiles/cmTC_c2ccf.dir/src.c.o
/bin/gcc-10   -DCMAKE_HAVE_LIBC_PTHREAD -o CMakeFiles/cmTC_c2ccf.dir/src.c.o -c /home/kongqi/scsj/build/CMakeFiles/CMakeTmp/src.c
Linking C executable cmTC_c2ccf
/usr/bin/cmake -E cmake_link_script CMakeFiles/cmTC_c2ccf.dir/link.txt --verbose=1
/bin/gcc-10  -DCMAKE_HAVE_LIBC_PTHREAD -rdynamic CMakeFiles/cmTC_c2ccf.dir/src.c.o -o cmTC_c2ccf 
/usr/bin/ld: CMakeFiles/cmTC_c2ccf.dir/src.c.o: in function `main':
src.c:(.text+0x48): undefined reference to `pthread_create'
/usr/bin/ld: src.c:(.text+0x50): undefined reference to `pthread_detach'
/usr/bin/ld: src.c:(.text+0x58): undefined reference to `pthread_cancel'
/usr/bin/ld: src.c:(.text+0x64): undefined reference to `pthread_join'
collect2: error: ld returned 1 exit status
gmake[1]: *** [CMakeFiles/cmTC_c2ccf.dir/build.make:106：cmTC_c2ccf] 错误 1
gmake[1]: 离开目录“/home/kongqi/scsj/build/CMakeFiles/CMakeTmp”
gmake: *** [Makefile:140：cmTC_c2ccf/fast] 错误 2


Source file was:
#include <pthread.h>

void* test_func(void* data)
{
  return data;
}

int main(void)
{
  pthread_t thread;
  pthread_create(&thread, NULL, test_func, NULL);
  pthread_detach(thread);
  pthread_cancel(thread);
  pthread_join(thread, NULL);
  pthread_atfork(NULL, NULL, NULL);
  pthread_exit(NULL);

  return 0;
}

Determining if the function pthread_create exists in the pthreads failed with the following output:
Change Dir: /home/kongqi/scsj/build/CMakeFiles/CMakeTmp

Run Build Command(s):/usr/bin/gmake cmTC_b4dbd/fast && /usr/bin/gmake  -f CMakeFiles/cmTC_b4dbd.dir/build.make CMakeFiles/cmTC_b4dbd.dir/build
gmake[1]: 进入目录“/home/kongqi/scsj/build/CMakeFiles/CMakeTmp”
Building C object CMakeFiles/cmTC_b4dbd.dir/CheckFunctionExists.c.o
/bin/gcc-10   -DCHECK_FUNCTION_EXISTS=pthread_create -o CMakeFiles/cmTC_b4dbd.dir/CheckFunctionExists.c.o -c /usr/share/cmake-3.18/Modules/CheckFunctionExists.c
Linking C executable cmTC_b4dbd
/usr/bin/cmake -E cmake_link_script CMakeFiles/cmTC_b4dbd.dir/link.txt --verbose=1
/bin/gcc-10  -DCHECK_FUNCTION_EXISTS=pthread_create -rdynamic CMakeFiles/cmTC_b4dbd.dir/CheckFunctionExists.c.o -o cmTC_b4dbd  -lpthreads 
/usr/bin/ld: 找不到 -lpthreads
collect2: error: ld returned 1 exit status
gmake[1]: *** [CMakeFiles/cmTC_b4dbd.dir/build.make:106：cmTC_b4dbd] 错误 1
gmake[1]: 离开目录“/home/kongqi/scsj/build/CMakeFiles/CMakeTmp”
gmake: *** [Makefile:140：cmTC_b4dbd/fast] 错误 2



